2021-04-24 15:56:13,384 WARN  [SoapUI] Missing folder [D:\Java WorkPlace\SoapUITest\ext] for external libraries
2021-04-24 15:56:13,752 INFO  [DefaultSoapUICore] initialized soapui-settings from [C:\Users\hp\soapui-settings.xml]
2021-04-24 15:56:15,441 INFO  [Reflections] Reflections took 115 ms to scan 2 urls, producing 75 keys and 160 values 
2021-04-24 15:56:15,763 INFO  [Reflections] Reflections took 299 ms to scan 1 urls, producing 321 keys and 1510 values 
2021-04-24 15:56:15,806 INFO  [Reflections] Reflections took 7 ms to scan 1 urls, producing 11 keys and 17 values 
2021-04-24 15:56:15,819 INFO  [Reflections] Reflections took 5 ms to scan 1 urls, producing 13 keys and 21 values 
2021-04-24 15:56:16,243 INFO  [Reflections] Reflections took 179 ms to scan 13 urls, producing 341 keys and 1458 values 
2021-04-24 15:56:16,258 INFO  [PluginManager] Adding plugin from [C:\Users\hp\.soapuios\plugins\ready-mqtt-plugin-dist.jar]
2021-04-24 15:56:16,258 INFO  [PluginManager] Adding plugin from [C:\Users\hp\.soapuios\plugins\soapui-swagger-plugin-2.2-dist.jar]
2021-04-24 15:56:17,533 INFO  [Reflections] Reflections took 25 ms to scan 2 urls, producing 75 keys and 160 values 
2021-04-24 15:56:17,760 INFO  [Reflections] Reflections took 175 ms to scan 13 urls, producing 341 keys and 1458 values 
2021-04-24 15:56:18,626 INFO  [Reflections] Reflections took 1063 ms to scan 1 urls, producing 1600 keys and 6547 values 
2021-04-24 15:56:18,637 ERROR [SoapUI] An error occurred [com.eviware.soapui.plugins.auto.factories.AutoImportMethodFactory], see error log for details
2021-04-24 15:56:18,638 ERROR [errorlog] java.lang.ClassNotFoundException: com.eviware.soapui.plugins.auto.factories.AutoImportMethodFactory
java.lang.ClassNotFoundException: com.eviware.soapui.plugins.auto.factories.AutoImportMethodFactory
	at java.net.URLClassLoader.findClass(Unknown Source)
	at java.lang.ClassLoader.loadClass(Unknown Source)
	at sun.misc.Launcher$AppClassLoader.loadClass(Unknown Source)
	at java.lang.ClassLoader.loadClass(Unknown Source)
	at java.lang.Class.forName0(Native Method)
	at java.lang.Class.forName(Unknown Source)
	at com.eviware.soapui.plugins.LoaderBase.loadAutoFactories(LoaderBase.java:113)
	at com.eviware.soapui.plugins.LoaderBase.loadFactories(LoaderBase.java:80)
	at com.eviware.soapui.plugins.PluginLoader.loadPluginFactories(PluginLoader.java:141)
	at com.eviware.soapui.plugins.PluginLoader.loadPlugin(PluginLoader.java:104)
	at com.eviware.soapui.plugins.PluginLoader.loadPlugin(PluginLoader.java:54)
	at com.eviware.soapui.plugins.PluginManager.doInstallPlugin(PluginManager.java:141)
	at com.eviware.soapui.plugins.PluginManager.access$600(PluginManager.java:43)
	at com.eviware.soapui.plugins.PluginManager$LoadPluginsTask.computeSequentially(PluginManager.java:420)
	at com.eviware.soapui.plugins.PluginManager$LoadPluginsTask.compute(PluginManager.java:377)
	at com.eviware.soapui.plugins.PluginManager$LoadPluginsTask.compute(PluginManager.java:382)
	at com.eviware.soapui.plugins.PluginManager$LoadPluginsTask.compute(PluginManager.java:365)
	at java.util.concurrent.RecursiveTask.exec(Unknown Source)
	at java.util.concurrent.ForkJoinTask.doExec(Unknown Source)
	at java.util.concurrent.ForkJoinPool$WorkQueue.runTask(Unknown Source)
	at java.util.concurrent.ForkJoinPool.runWorker(Unknown Source)
	at java.util.concurrent.ForkJoinWorkerThread.run(Unknown Source)
2021-04-24 15:56:18,688 ERROR [SoapUI] An error occurred [com.eviware.soapui.plugins.auto.factories.AutoDiscoveryMethodFactory], see error log for details
2021-04-24 15:56:18,688 ERROR [errorlog] java.lang.ClassNotFoundException: com.eviware.soapui.plugins.auto.factories.AutoDiscoveryMethodFactory
java.lang.ClassNotFoundException: com.eviware.soapui.plugins.auto.factories.AutoDiscoveryMethodFactory
	at java.net.URLClassLoader.findClass(Unknown Source)
	at java.lang.ClassLoader.loadClass(Unknown Source)
	at sun.misc.Launcher$AppClassLoader.loadClass(Unknown Source)
	at java.lang.ClassLoader.loadClass(Unknown Source)
	at java.lang.Class.forName0(Native Method)
	at java.lang.Class.forName(Unknown Source)
	at com.eviware.soapui.plugins.LoaderBase.loadAutoFactories(LoaderBase.java:113)
	at com.eviware.soapui.plugins.LoaderBase.loadFactories(LoaderBase.java:80)
	at com.eviware.soapui.plugins.PluginLoader.loadPluginFactories(PluginLoader.java:141)
	at com.eviware.soapui.plugins.PluginLoader.loadPlugin(PluginLoader.java:104)
	at com.eviware.soapui.plugins.PluginLoader.loadPlugin(PluginLoader.java:54)
	at com.eviware.soapui.plugins.PluginManager.doInstallPlugin(PluginManager.java:141)
	at com.eviware.soapui.plugins.PluginManager.access$600(PluginManager.java:43)
	at com.eviware.soapui.plugins.PluginManager$LoadPluginsTask.computeSequentially(PluginManager.java:420)
	at com.eviware.soapui.plugins.PluginManager$LoadPluginsTask.compute(PluginManager.java:377)
	at com.eviware.soapui.plugins.PluginManager$LoadPluginsTask.compute(PluginManager.java:382)
	at com.eviware.soapui.plugins.PluginManager$LoadPluginsTask.compute(PluginManager.java:365)
	at java.util.concurrent.RecursiveTask.exec(Unknown Source)
	at java.util.concurrent.ForkJoinTask.doExec(Unknown Source)
	at java.util.concurrent.ForkJoinPool$WorkQueue.runTask(Unknown Source)
	at java.util.concurrent.ForkJoinPool.runWorker(Unknown Source)
	at java.util.concurrent.ForkJoinWorkerThread.run(Unknown Source)
2021-04-24 15:56:18,696 INFO  [PluginManager] Adding plugin from [C:\Users\hp\.soapuios\plugins\ready-uxm-plugin-1.0.1-dist.jar]
2021-04-24 15:56:18,765 INFO  [Reflections] Reflections took 993 ms to scan 1 urls, producing 1600 keys and 6547 values 
2021-04-24 15:56:18,766 ERROR [SoapUI] An error occurred [com.eviware.soapui.plugins.auto.factories.AutoImportMethodFactory], see error log for details
2021-04-24 15:56:18,766 ERROR [errorlog] java.lang.ClassNotFoundException: com.eviware.soapui.plugins.auto.factories.AutoImportMethodFactory
java.lang.ClassNotFoundException: com.eviware.soapui.plugins.auto.factories.AutoImportMethodFactory
	at java.net.URLClassLoader.findClass(Unknown Source)
	at java.lang.ClassLoader.loadClass(Unknown Source)
	at sun.misc.Launcher$AppClassLoader.loadClass(Unknown Source)
	at java.lang.ClassLoader.loadClass(Unknown Source)
	at java.lang.Class.forName0(Native Method)
	at java.lang.Class.forName(Unknown Source)
	at com.eviware.soapui.plugins.LoaderBase.loadAutoFactories(LoaderBase.java:113)
	at com.eviware.soapui.plugins.LoaderBase.loadFactories(LoaderBase.java:80)
	at com.eviware.soapui.plugins.PluginLoader.loadPluginFactories(PluginLoader.java:141)
	at com.eviware.soapui.plugins.PluginLoader.loadPlugin(PluginLoader.java:104)
	at com.eviware.soapui.plugins.PluginLoader.loadPlugin(PluginLoader.java:54)
	at com.eviware.soapui.plugins.PluginManager.doInstallPlugin(PluginManager.java:141)
	at com.eviware.soapui.plugins.PluginManager.access$600(PluginManager.java:43)
	at com.eviware.soapui.plugins.PluginManager$LoadPluginsTask.computeSequentially(PluginManager.java:420)
	at com.eviware.soapui.plugins.PluginManager$LoadPluginsTask.compute(PluginManager.java:377)
	at com.eviware.soapui.plugins.PluginManager$LoadPluginsTask.compute(PluginManager.java:365)
	at java.util.concurrent.RecursiveTask.exec(Unknown Source)
	at java.util.concurrent.ForkJoinTask.doExec(Unknown Source)
	at java.util.concurrent.ForkJoinPool$WorkQueue.runTask(Unknown Source)
	at java.util.concurrent.ForkJoinPool.runWorker(Unknown Source)
	at java.util.concurrent.ForkJoinWorkerThread.run(Unknown Source)
2021-04-24 15:56:18,804 ERROR [SoapUI] An error occurred [com.eviware.soapui.plugins.auto.factories.AutoDiscoveryMethodFactory], see error log for details
2021-04-24 15:56:18,804 ERROR [errorlog] java.lang.ClassNotFoundException: com.eviware.soapui.plugins.auto.factories.AutoDiscoveryMethodFactory
java.lang.ClassNotFoundException: com.eviware.soapui.plugins.auto.factories.AutoDiscoveryMethodFactory
	at java.net.URLClassLoader.findClass(Unknown Source)
	at java.lang.ClassLoader.loadClass(Unknown Source)
	at sun.misc.Launcher$AppClassLoader.loadClass(Unknown Source)
	at java.lang.ClassLoader.loadClass(Unknown Source)
	at java.lang.Class.forName0(Native Method)
	at java.lang.Class.forName(Unknown Source)
	at com.eviware.soapui.plugins.LoaderBase.loadAutoFactories(LoaderBase.java:113)
	at com.eviware.soapui.plugins.LoaderBase.loadFactories(LoaderBase.java:80)
	at com.eviware.soapui.plugins.PluginLoader.loadPluginFactories(PluginLoader.java:141)
	at com.eviware.soapui.plugins.PluginLoader.loadPlugin(PluginLoader.java:104)
	at com.eviware.soapui.plugins.PluginLoader.loadPlugin(PluginLoader.java:54)
	at com.eviware.soapui.plugins.PluginManager.doInstallPlugin(PluginManager.java:141)
	at com.eviware.soapui.plugins.PluginManager.access$600(PluginManager.java:43)
	at com.eviware.soapui.plugins.PluginManager$LoadPluginsTask.computeSequentially(PluginManager.java:420)
	at com.eviware.soapui.plugins.PluginManager$LoadPluginsTask.compute(PluginManager.java:377)
	at com.eviware.soapui.plugins.PluginManager$LoadPluginsTask.compute(PluginManager.java:365)
	at java.util.concurrent.RecursiveTask.exec(Unknown Source)
	at java.util.concurrent.ForkJoinTask.doExec(Unknown Source)
	at java.util.concurrent.ForkJoinPool$WorkQueue.runTask(Unknown Source)
	at java.util.concurrent.ForkJoinPool.runWorker(Unknown Source)
	at java.util.concurrent.ForkJoinWorkerThread.run(Unknown Source)
2021-04-24 15:56:18,854 INFO  [PluginManager] Adding plugin from [C:\Users\hp\.soapuios\plugins\readyapi-postman-1.0.1.jar]
2021-04-24 15:56:18,866 INFO  [Reflections] Reflections took 7 ms to scan 1 urls, producing 11 keys and 17 values 
2021-04-24 15:56:18,909 INFO  [Reflections] Reflections took 204 ms to scan 1 urls, producing 321 keys and 1510 values 
2021-04-24 15:56:19,620 INFO  [Reflections] Reflections took 749 ms to scan 1 urls, producing 1600 keys and 6547 values 
2021-04-24 15:56:19,620 ERROR [SoapUI] An error occurred [com.eviware.soapui.plugins.auto.factories.AutoImportMethodFactory], see error log for details
2021-04-24 15:56:19,620 ERROR [errorlog] java.lang.ClassNotFoundException: com.eviware.soapui.plugins.auto.factories.AutoImportMethodFactory
java.lang.ClassNotFoundException: com.eviware.soapui.plugins.auto.factories.AutoImportMethodFactory
	at java.net.URLClassLoader.findClass(Unknown Source)
	at java.lang.ClassLoader.loadClass(Unknown Source)
	at sun.misc.Launcher$AppClassLoader.loadClass(Unknown Source)
	at java.lang.ClassLoader.loadClass(Unknown Source)
	at java.lang.Class.forName0(Native Method)
	at java.lang.Class.forName(Unknown Source)
	at com.eviware.soapui.plugins.LoaderBase.loadAutoFactories(LoaderBase.java:113)
	at com.eviware.soapui.plugins.LoaderBase.loadFactories(LoaderBase.java:80)
	at com.eviware.soapui.plugins.PluginLoader.loadPluginFactories(PluginLoader.java:141)
	at com.eviware.soapui.plugins.PluginLoader.loadPlugin(PluginLoader.java:104)
	at com.eviware.soapui.plugins.PluginLoader.loadPlugin(PluginLoader.java:54)
	at com.eviware.soapui.plugins.PluginManager.doInstallPlugin(PluginManager.java:141)
	at com.eviware.soapui.plugins.PluginManager.access$600(PluginManager.java:43)
	at com.eviware.soapui.plugins.PluginManager$LoadPluginsTask.computeSequentially(PluginManager.java:420)
	at com.eviware.soapui.plugins.PluginManager$LoadPluginsTask.compute(PluginManager.java:377)
	at com.eviware.soapui.plugins.PluginManager$LoadPluginsTask.compute(PluginManager.java:365)
	at java.util.concurrent.RecursiveTask.exec(Unknown Source)
	at java.util.concurrent.ForkJoinTask.doExec(Unknown Source)
	at java.util.concurrent.ForkJoinPool$WorkQueue.runTask(Unknown Source)
	at java.util.concurrent.ForkJoinPool.runWorker(Unknown Source)
	at java.util.concurrent.ForkJoinWorkerThread.run(Unknown Source)
2021-04-24 15:56:19,622 ERROR [SoapUI] An error occurred [com.eviware.soapui.plugins.auto.factories.AutoDiscoveryMethodFactory], see error log for details
2021-04-24 15:56:19,622 ERROR [errorlog] java.lang.ClassNotFoundException: com.eviware.soapui.plugins.auto.factories.AutoDiscoveryMethodFactory
java.lang.ClassNotFoundException: com.eviware.soapui.plugins.auto.factories.AutoDiscoveryMethodFactory
	at java.net.URLClassLoader.findClass(Unknown Source)
	at java.lang.ClassLoader.loadClass(Unknown Source)
	at sun.misc.Launcher$AppClassLoader.loadClass(Unknown Source)
	at java.lang.ClassLoader.loadClass(Unknown Source)
	at java.lang.Class.forName0(Native Method)
	at java.lang.Class.forName(Unknown Source)
	at com.eviware.soapui.plugins.LoaderBase.loadAutoFactories(LoaderBase.java:113)
	at com.eviware.soapui.plugins.LoaderBase.loadFactories(LoaderBase.java:80)
	at com.eviware.soapui.plugins.PluginLoader.loadPluginFactories(PluginLoader.java:141)
	at com.eviware.soapui.plugins.PluginLoader.loadPlugin(PluginLoader.java:104)
	at com.eviware.soapui.plugins.PluginLoader.loadPlugin(PluginLoader.java:54)
	at com.eviware.soapui.plugins.PluginManager.doInstallPlugin(PluginManager.java:141)
	at com.eviware.soapui.plugins.PluginManager.access$600(PluginManager.java:43)
	at com.eviware.soapui.plugins.PluginManager$LoadPluginsTask.computeSequentially(PluginManager.java:420)
	at com.eviware.soapui.plugins.PluginManager$LoadPluginsTask.compute(PluginManager.java:377)
	at com.eviware.soapui.plugins.PluginManager$LoadPluginsTask.compute(PluginManager.java:365)
	at java.util.concurrent.RecursiveTask.exec(Unknown Source)
	at java.util.concurrent.ForkJoinTask.doExec(Unknown Source)
	at java.util.concurrent.ForkJoinPool$WorkQueue.runTask(Unknown Source)
	at java.util.concurrent.ForkJoinPool.runWorker(Unknown Source)
	at java.util.concurrent.ForkJoinWorkerThread.run(Unknown Source)
2021-04-24 15:56:19,660 INFO  [Reflections] Reflections took 719 ms to scan 1 urls, producing 1600 keys and 6547 values 
2021-04-24 15:56:19,661 ERROR [SoapUI] An error occurred [com.eviware.soapui.plugins.auto.factories.AutoImportMethodFactory], see error log for details
2021-04-24 15:56:19,661 ERROR [errorlog] java.lang.ClassNotFoundException: com.eviware.soapui.plugins.auto.factories.AutoImportMethodFactory
java.lang.ClassNotFoundException: com.eviware.soapui.plugins.auto.factories.AutoImportMethodFactory
	at java.net.URLClassLoader.findClass(Unknown Source)
	at java.lang.ClassLoader.loadClass(Unknown Source)
	at sun.misc.Launcher$AppClassLoader.loadClass(Unknown Source)
	at java.lang.ClassLoader.loadClass(Unknown Source)
	at java.lang.Class.forName0(Native Method)
	at java.lang.Class.forName(Unknown Source)
	at com.eviware.soapui.plugins.LoaderBase.loadAutoFactories(LoaderBase.java:113)
	at com.eviware.soapui.plugins.LoaderBase.loadFactories(LoaderBase.java:80)
	at com.eviware.soapui.plugins.PluginLoader.loadPluginFactories(PluginLoader.java:141)
	at com.eviware.soapui.plugins.PluginLoader.loadPlugin(PluginLoader.java:104)
	at com.eviware.soapui.plugins.PluginLoader.loadPlugin(PluginLoader.java:54)
	at com.eviware.soapui.plugins.PluginManager.doInstallPlugin(PluginManager.java:141)
	at com.eviware.soapui.plugins.PluginManager.access$600(PluginManager.java:43)
	at com.eviware.soapui.plugins.PluginManager$LoadPluginsTask.computeSequentially(PluginManager.java:420)
	at com.eviware.soapui.plugins.PluginManager$LoadPluginsTask.compute(PluginManager.java:377)
	at com.eviware.soapui.plugins.PluginManager$LoadPluginsTask.compute(PluginManager.java:382)
	at com.eviware.soapui.plugins.PluginManager$LoadPluginsTask.compute(PluginManager.java:365)
	at java.util.concurrent.RecursiveTask.exec(Unknown Source)
	at java.util.concurrent.ForkJoinTask.doExec(Unknown Source)
	at java.util.concurrent.ForkJoinPool$WorkQueue.runTask(Unknown Source)
	at java.util.concurrent.ForkJoinPool.runWorker(Unknown Source)
	at java.util.concurrent.ForkJoinWorkerThread.run(Unknown Source)
2021-04-24 15:56:19,665 ERROR [SoapUI] An error occurred [com.eviware.soapui.plugins.auto.factories.AutoDiscoveryMethodFactory], see error log for details
2021-04-24 15:56:19,665 ERROR [errorlog] java.lang.ClassNotFoundException: com.eviware.soapui.plugins.auto.factories.AutoDiscoveryMethodFactory
java.lang.ClassNotFoundException: com.eviware.soapui.plugins.auto.factories.AutoDiscoveryMethodFactory
	at java.net.URLClassLoader.findClass(Unknown Source)
	at java.lang.ClassLoader.loadClass(Unknown Source)
	at sun.misc.Launcher$AppClassLoader.loadClass(Unknown Source)
	at java.lang.ClassLoader.loadClass(Unknown Source)
	at java.lang.Class.forName0(Native Method)
	at java.lang.Class.forName(Unknown Source)
	at com.eviware.soapui.plugins.LoaderBase.loadAutoFactories(LoaderBase.java:113)
	at com.eviware.soapui.plugins.LoaderBase.loadFactories(LoaderBase.java:80)
	at com.eviware.soapui.plugins.PluginLoader.loadPluginFactories(PluginLoader.java:141)
	at com.eviware.soapui.plugins.PluginLoader.loadPlugin(PluginLoader.java:104)
	at com.eviware.soapui.plugins.PluginLoader.loadPlugin(PluginLoader.java:54)
	at com.eviware.soapui.plugins.PluginManager.doInstallPlugin(PluginManager.java:141)
	at com.eviware.soapui.plugins.PluginManager.access$600(PluginManager.java:43)
	at com.eviware.soapui.plugins.PluginManager$LoadPluginsTask.computeSequentially(PluginManager.java:420)
	at com.eviware.soapui.plugins.PluginManager$LoadPluginsTask.compute(PluginManager.java:377)
	at com.eviware.soapui.plugins.PluginManager$LoadPluginsTask.compute(PluginManager.java:382)
	at com.eviware.soapui.plugins.PluginManager$LoadPluginsTask.compute(PluginManager.java:365)
	at java.util.concurrent.RecursiveTask.exec(Unknown Source)
	at java.util.concurrent.ForkJoinTask.doExec(Unknown Source)
	at java.util.concurrent.ForkJoinPool$WorkQueue.runTask(Unknown Source)
	at java.util.concurrent.ForkJoinPool.runWorker(Unknown Source)
	at java.util.concurrent.ForkJoinWorkerThread.run(Unknown Source)
2021-04-24 15:56:19,667 INFO  [PluginManager] Adding plugin from [C:\Users\hp\.soapuios\plugins\readyapi-swaggerhub-plugin-1.0.jar]
2021-04-24 15:56:19,678 INFO  [Reflections] Reflections took 4 ms to scan 1 urls, producing 13 keys and 21 values 
2021-04-24 15:56:20,126 INFO  [Reflections] Reflections took 444 ms to scan 1 urls, producing 1600 keys and 6547 values 
2021-04-24 15:56:20,126 ERROR [SoapUI] An error occurred [com.eviware.soapui.plugins.auto.factories.AutoImportMethodFactory], see error log for details
2021-04-24 15:56:20,126 ERROR [errorlog] java.lang.ClassNotFoundException: com.eviware.soapui.plugins.auto.factories.AutoImportMethodFactory
java.lang.ClassNotFoundException: com.eviware.soapui.plugins.auto.factories.AutoImportMethodFactory
	at java.net.URLClassLoader.findClass(Unknown Source)
	at java.lang.ClassLoader.loadClass(Unknown Source)
	at sun.misc.Launcher$AppClassLoader.loadClass(Unknown Source)
	at java.lang.ClassLoader.loadClass(Unknown Source)
	at java.lang.Class.forName0(Native Method)
	at java.lang.Class.forName(Unknown Source)
	at com.eviware.soapui.plugins.LoaderBase.loadAutoFactories(LoaderBase.java:113)
	at com.eviware.soapui.plugins.LoaderBase.loadFactories(LoaderBase.java:80)
	at com.eviware.soapui.plugins.PluginLoader.loadPluginFactories(PluginLoader.java:141)
	at com.eviware.soapui.plugins.PluginLoader.loadPlugin(PluginLoader.java:104)
	at com.eviware.soapui.plugins.PluginLoader.loadPlugin(PluginLoader.java:54)
	at com.eviware.soapui.plugins.PluginManager.doInstallPlugin(PluginManager.java:141)
	at com.eviware.soapui.plugins.PluginManager.access$600(PluginManager.java:43)
	at com.eviware.soapui.plugins.PluginManager$LoadPluginsTask.computeSequentially(PluginManager.java:420)
	at com.eviware.soapui.plugins.PluginManager$LoadPluginsTask.compute(PluginManager.java:377)
	at com.eviware.soapui.plugins.PluginManager$LoadPluginsTask.compute(PluginManager.java:382)
	at com.eviware.soapui.plugins.PluginManager$LoadPluginsTask.compute(PluginManager.java:365)
	at java.util.concurrent.RecursiveTask.exec(Unknown Source)
	at java.util.concurrent.ForkJoinTask.doExec(Unknown Source)
	at java.util.concurrent.ForkJoinPool$WorkQueue.runTask(Unknown Source)
	at java.util.concurrent.ForkJoinPool.runWorker(Unknown Source)
	at java.util.concurrent.ForkJoinWorkerThread.run(Unknown Source)
2021-04-24 15:56:20,127 ERROR [SoapUI] An error occurred [com.eviware.soapui.plugins.auto.factories.AutoDiscoveryMethodFactory], see error log for details
2021-04-24 15:56:20,127 ERROR [errorlog] java.lang.ClassNotFoundException: com.eviware.soapui.plugins.auto.factories.AutoDiscoveryMethodFactory
java.lang.ClassNotFoundException: com.eviware.soapui.plugins.auto.factories.AutoDiscoveryMethodFactory
	at java.net.URLClassLoader.findClass(Unknown Source)
	at java.lang.ClassLoader.loadClass(Unknown Source)
	at sun.misc.Launcher$AppClassLoader.loadClass(Unknown Source)
	at java.lang.ClassLoader.loadClass(Unknown Source)
	at java.lang.Class.forName0(Native Method)
	at java.lang.Class.forName(Unknown Source)
	at com.eviware.soapui.plugins.LoaderBase.loadAutoFactories(LoaderBase.java:113)
	at com.eviware.soapui.plugins.LoaderBase.loadFactories(LoaderBase.java:80)
	at com.eviware.soapui.plugins.PluginLoader.loadPluginFactories(PluginLoader.java:141)
	at com.eviware.soapui.plugins.PluginLoader.loadPlugin(PluginLoader.java:104)
	at com.eviware.soapui.plugins.PluginLoader.loadPlugin(PluginLoader.java:54)
	at com.eviware.soapui.plugins.PluginManager.doInstallPlugin(PluginManager.java:141)
	at com.eviware.soapui.plugins.PluginManager.access$600(PluginManager.java:43)
	at com.eviware.soapui.plugins.PluginManager$LoadPluginsTask.computeSequentially(PluginManager.java:420)
	at com.eviware.soapui.plugins.PluginManager$LoadPluginsTask.compute(PluginManager.java:377)
	at com.eviware.soapui.plugins.PluginManager$LoadPluginsTask.compute(PluginManager.java:382)
	at com.eviware.soapui.plugins.PluginManager$LoadPluginsTask.compute(PluginManager.java:365)
	at java.util.concurrent.RecursiveTask.exec(Unknown Source)
	at java.util.concurrent.ForkJoinTask.doExec(Unknown Source)
	at java.util.concurrent.ForkJoinPool$WorkQueue.runTask(Unknown Source)
	at java.util.concurrent.ForkJoinPool.runWorker(Unknown Source)
	at java.util.concurrent.ForkJoinWorkerThread.run(Unknown Source)
2021-04-24 15:56:20,131 INFO  [PluginManager] 5 plugins loaded in 3875 ms
2021-04-24 15:56:20,131 INFO  [DefaultSoapUICore] All plugins loaded
2021-04-24 15:56:21,624 INFO  [WsdlProject] Loaded project from [file:/D:/SoapUI_WorkPlace/8-LibraryAPIWithFramework-soapui-project.xml]
2021-04-24 15:56:24,015 WARN  [Tools] Could not delete temporary directory C:\Users\hp\AppData\Local\Temp\bc1e37ba-52a8-4b04-b0da-f8157c95ffc5
2021-04-24 15:56:24,015 WARN  [Tools] Could not delete temporary directory C:\Users\hp\AppData\Local\Temp\17f0ff05-c42a-458c-8d09-ec1ed6c2479b
2021-04-24 15:56:24,020 WARN  [Tools] Could not delete temporary directory C:\Users\hp\AppData\Local\Temp\94e52415-a0f0-499a-acb5-456e97e76a0f
2021-04-24 15:56:24,020 WARN  [Tools] Could not delete temporary directory C:\Users\hp\AppData\Local\Temp\298f699d-1131-43c6-bc5c-91e24a31515c
